{"numFailedTestSuites":0,"numFailedTests":0,"numPassedTestSuites":1,"numPassedTests":1,"numPendingTestSuites":0,"numPendingTests":0,"numRuntimeErrorTestSuites":0,"numTodoTests":0,"numTotalTestSuites":1,"numTotalTests":1,"openHandles":[],"snapshot":{"added":0,"didUpdate":false,"failure":false,"filesAdded":0,"filesRemoved":0,"filesRemovedList":[],"filesUnmatched":0,"filesUpdated":0,"matched":1,"total":1,"unchecked":0,"uncheckedKeysByFile":[],"unmatched":0,"updated":0},"startTime":1603267789618,"success":true,"testResults":[{"assertionResults":[{"ancestorTitles":["Storyshots","System Design/Button"],"failureMessages":[],"fullName":"Storyshots System Design/Button Easy Button","location":null,"status":"passed","title":"Easy Button"}],"endTime":1603267806773,"message":"","name":"C:\\Users\\meign\\projet\\LearnReact2020\\src\\utils\\stories\\Storyshots.test.js","startTime":1603267794417,"status":"passed","summary":""}],"wasInterrupted":false}